2023-12-13T06:14:42.979+0330 [DEBUG] [org.gradle.launcher.daemon.bootstrap.DaemonMain] Assuming the daemon was started with following jvm opts: [--add-opens=java.base/java.util=ALL-UNNAMED, --add-opens=java.base/java.lang=ALL-UNNAMED, --add-opens=java.base/java.lang.invoke=ALL-UNNAMED, --add-opens=java.prefs/java.util.prefs=ALL-UNNAMED, --add-opens=java.base/java.nio.charset=ALL-UNNAMED, --add-opens=java.base/java.net=ALL-UNNAMED, --add-opens=java.base/java.util.concurrent.atomic=ALL-UNNAMED, -Xmx2048m, -Dfile.encoding=UTF-8, -Duser.country=US, -Duser.language=en, -Duser.variant]
2023-12-13T06:14:43.145+0330 [DEBUG] [org.gradle.internal.nativeintegration.services.NativeServices] Native-platform posix files integration is not available. Continuing with fallback.
2023-12-13T06:14:43.152+0330 [INFO] [org.gradle.launcher.daemon.server.Daemon] start() called on daemon - DefaultDaemonContext[uid=128faecd-b696-4129-8182-09e7cb26dc36,javaHome=D:\Program Files\Android\Android Studio\jbr,daemonRegistryDir=C:\Users\BigBeastDGX\AndroidStudioProjects\JAI\daemon,pid=18264,idleTimeout=10800000,priority=NORMAL,applyInstrumentationAgent=true,daemonOpts=--add-opens=java.base/java.util=ALL-UNNAMED,--add-opens=java.base/java.lang=ALL-UNNAMED,--add-opens=java.base/java.lang.invoke=ALL-UNNAMED,--add-opens=java.prefs/java.util.prefs=ALL-UNNAMED,--add-opens=java.base/java.nio.charset=ALL-UNNAMED,--add-opens=java.base/java.net=ALL-UNNAMED,--add-opens=java.base/java.util.concurrent.atomic=ALL-UNNAMED,-Xmx2048m,-Dfile.encoding=UTF-8,-Duser.country=US,-Duser.language=en,-Duser.variant]
2023-12-13T06:14:43.195+0330 [DEBUG] [org.gradle.internal.remote.internal.inet.InetAddresses] Adding IP addresses for network interface Software Loopback Interface 1
2023-12-13T06:14:43.196+0330 [DEBUG] [org.gradle.internal.remote.internal.inet.InetAddresses] Is this a loopback interface? true
2023-12-13T06:14:43.196+0330 [DEBUG] [org.gradle.internal.remote.internal.inet.InetAddresses] Adding loopback address /127.0.0.1
2023-12-13T06:14:43.196+0330 [DEBUG] [org.gradle.internal.remote.internal.inet.InetAddresses] Adding loopback address /0:0:0:0:0:0:0:1
2023-12-13T06:14:43.197+0330 [DEBUG] [org.gradle.internal.remote.internal.inet.InetAddresses] Adding IP addresses for network interface Microsoft 6to4 Adapter
2023-12-13T06:14:43.197+0330 [DEBUG] [org.gradle.internal.remote.internal.inet.InetAddresses] Is this a loopback interface? false
2023-12-13T06:14:43.197+0330 [DEBUG] [org.gradle.internal.remote.internal.inet.InetAddresses] Adding IP addresses for network interface Remote NDIS Compatible Device
2023-12-13T06:14:43.198+0330 [DEBUG] [org.gradle.internal.remote.internal.inet.InetAddresses] Is this a loopback interface? false
2023-12-13T06:14:43.198+0330 [DEBUG] [org.gradle.internal.remote.internal.inet.InetAddresses] Adding remote address /192.168.111.23
2023-12-13T06:14:43.198+0330 [DEBUG] [org.gradle.internal.remote.internal.inet.InetAddresses] Adding IP addresses for network interface WAN Miniport (IPv6)
2023-12-13T06:14:43.199+0330 [DEBUG] [org.gradle.internal.remote.internal.inet.InetAddresses] Is this a loopback interface? false
2023-12-13T06:14:43.199+0330 [DEBUG] [org.gradle.internal.remote.internal.inet.InetAddresses] Adding IP addresses for network interface WAN Miniport (IKEv2)
2023-12-13T06:14:43.200+0330 [DEBUG] [org.gradle.internal.remote.internal.inet.InetAddresses] Is this a loopback interface? false
2023-12-13T06:14:43.200+0330 [DEBUG] [org.gradle.internal.remote.internal.inet.InetAddresses] Adding IP addresses for network interface Microsoft IP-HTTPS Platform Adapter
2023-12-13T06:14:43.201+0330 [DEBUG] [org.gradle.internal.remote.internal.inet.InetAddresses] Is this a loopback interface? false
2023-12-13T06:14:43.201+0330 [DEBUG] [org.gradle.internal.remote.internal.inet.InetAddresses] Adding IP addresses for network interface Realtek Gaming 2.5GbE Family Controller
2023-12-13T06:14:43.202+0330 [DEBUG] [org.gradle.internal.remote.internal.inet.InetAddresses] Is this a loopback interface? false
2023-12-13T06:14:43.202+0330 [DEBUG] [org.gradle.internal.remote.internal.inet.InetAddresses] Adding IP addresses for network interface Microsoft Kernel Debug Network Adapter
2023-12-13T06:14:43.202+0330 [DEBUG] [org.gradle.internal.remote.internal.inet.InetAddresses] Is this a loopback interface? false
2023-12-13T06:14:43.202+0330 [DEBUG] [org.gradle.internal.remote.internal.inet.InetAddresses] Adding IP addresses for network interface WAN Miniport (IP)
2023-12-13T06:14:43.203+0330 [DEBUG] [org.gradle.internal.remote.internal.inet.InetAddresses] Is this a loopback interface? false
2023-12-13T06:14:43.203+0330 [DEBUG] [org.gradle.internal.remote.internal.inet.InetAddresses] Adding IP addresses for network interface Microsoft Teredo Tunneling Adapter
2023-12-13T06:14:43.204+0330 [DEBUG] [org.gradle.internal.remote.internal.inet.InetAddresses] Is this a loopback interface? false
2023-12-13T06:14:43.204+0330 [DEBUG] [org.gradle.internal.remote.internal.inet.InetAddresses] Adding IP addresses for network interface WAN Miniport (SSTP)
2023-12-13T06:14:43.204+0330 [DEBUG] [org.gradle.internal.remote.internal.inet.InetAddresses] Is this a loopback interface? false
2023-12-13T06:14:43.205+0330 [DEBUG] [org.gradle.internal.remote.internal.inet.InetAddresses] Adding IP addresses for network interface WAN Miniport (PPTP)
2023-12-13T06:14:43.205+0330 [DEBUG] [org.gradle.internal.remote.internal.inet.InetAddresses] Is this a loopback interface? false
2023-12-13T06:14:43.205+0330 [DEBUG] [org.gradle.internal.remote.internal.inet.InetAddresses] Adding IP addresses for network interface WAN Miniport (Network Monitor)
2023-12-13T06:14:43.206+0330 [DEBUG] [org.gradle.internal.remote.internal.inet.InetAddresses] Is this a loopback interface? false
2023-12-13T06:14:43.206+0330 [DEBUG] [org.gradle.internal.remote.internal.inet.InetAddresses] Adding IP addresses for network interface WAN Miniport (L2TP)
2023-12-13T06:14:43.207+0330 [DEBUG] [org.gradle.internal.remote.internal.inet.InetAddresses] Is this a loopback interface? false
2023-12-13T06:14:43.207+0330 [DEBUG] [org.gradle.internal.remote.internal.inet.InetAddresses] Adding IP addresses for network interface WAN Miniport (PPPOE)
2023-12-13T06:14:43.207+0330 [DEBUG] [org.gradle.internal.remote.internal.inet.InetAddresses] Is this a loopback interface? false
2023-12-13T06:14:43.207+0330 [DEBUG] [org.gradle.internal.remote.internal.inet.InetAddresses] Adding IP addresses for network interface Realtek Gaming 2.5GbE Family Controller-WFP Native MAC Layer LightWeight Filter-0000
2023-12-13T06:14:43.208+0330 [DEBUG] [org.gradle.internal.remote.internal.inet.InetAddresses] Is this a loopback interface? false
2023-12-13T06:14:43.208+0330 [DEBUG] [org.gradle.internal.remote.internal.inet.InetAddresses] Adding IP addresses for network interface Realtek Gaming 2.5GbE Family Controller-QoS Packet Scheduler-0000
2023-12-13T06:14:43.209+0330 [DEBUG] [org.gradle.internal.remote.internal.inet.InetAddresses] Is this a loopback interface? false
2023-12-13T06:14:43.209+0330 [DEBUG] [org.gradle.internal.remote.internal.inet.InetAddresses] Adding IP addresses for network interface Realtek Gaming 2.5GbE Family Controller-WFP 802.3 MAC Layer LightWeight Filter-0000
2023-12-13T06:14:43.210+0330 [DEBUG] [org.gradle.internal.remote.internal.inet.InetAddresses] Is this a loopback interface? false
2023-12-13T06:14:43.210+0330 [DEBUG] [org.gradle.internal.remote.internal.inet.InetAddresses] Adding IP addresses for network interface Remote NDIS Compatible Device-WFP Native MAC Layer LightWeight Filter-0000
2023-12-13T06:14:43.210+0330 [DEBUG] [org.gradle.internal.remote.internal.inet.InetAddresses] Is this a loopback interface? false
2023-12-13T06:14:43.211+0330 [DEBUG] [org.gradle.internal.remote.internal.inet.InetAddresses] Adding IP addresses for network interface Remote NDIS Compatible Device-QoS Packet Scheduler-0000
2023-12-13T06:14:43.211+0330 [DEBUG] [org.gradle.internal.remote.internal.inet.InetAddresses] Is this a loopback interface? false
2023-12-13T06:14:43.211+0330 [DEBUG] [org.gradle.internal.remote.internal.inet.InetAddresses] Adding IP addresses for network interface Remote NDIS Compatible Device-WFP 802.3 MAC Layer LightWeight Filter-0000
2023-12-13T06:14:43.212+0330 [DEBUG] [org.gradle.internal.remote.internal.inet.InetAddresses] Is this a loopback interface? false
2023-12-13T06:14:43.214+0330 [DEBUG] [org.gradle.internal.remote.internal.inet.TcpIncomingConnector] Listening on [1be0f0e6-0b92-43e6-a4af-60cf9f3b1b8a port:51059, addresses:[localhost/127.0.0.1]].
2023-12-13T06:14:43.219+0330 [DEBUG] [org.gradle.launcher.daemon.server.Daemon] Daemon starting at: Wed Dec 13 06:14:43 IRST 2023, with address: [1be0f0e6-0b92-43e6-a4af-60cf9f3b1b8a port:51059, addresses:[localhost/127.0.0.1]]
2023-12-13T06:14:43.219+0330 [INFO] [org.gradle.launcher.daemon.server.DaemonRegistryUpdater] Advertising the daemon address to the clients: [1be0f0e6-0b92-43e6-a4af-60cf9f3b1b8a port:51059, addresses:[localhost/127.0.0.1]]
2023-12-13T06:14:43.219+0330 [DEBUG] [org.gradle.launcher.daemon.server.DaemonRegistryUpdater] Advertised daemon context: DefaultDaemonContext[uid=128faecd-b696-4129-8182-09e7cb26dc36,javaHome=D:\Program Files\Android\Android Studio\jbr,daemonRegistryDir=C:\Users\BigBeastDGX\AndroidStudioProjects\JAI\daemon,pid=18264,idleTimeout=10800000,priority=NORMAL,applyInstrumentationAgent=true,daemonOpts=--add-opens=java.base/java.util=ALL-UNNAMED,--add-opens=java.base/java.lang=ALL-UNNAMED,--add-opens=java.base/java.lang.invoke=ALL-UNNAMED,--add-opens=java.prefs/java.util.prefs=ALL-UNNAMED,--add-opens=java.base/java.nio.charset=ALL-UNNAMED,--add-opens=java.base/java.net=ALL-UNNAMED,--add-opens=java.base/java.util.concurrent.atomic=ALL-UNNAMED,-Xmx2048m,-Dfile.encoding=UTF-8,-Duser.country=US,-Duser.language=en,-Duser.variant]
2023-12-13T06:14:43.220+0330 [DEBUG] [org.gradle.launcher.daemon.registry.PersistentDaemonRegistry] Storing daemon address: [1be0f0e6-0b92-43e6-a4af-60cf9f3b1b8a port:51059, addresses:[localhost/127.0.0.1]], context: DefaultDaemonContext[uid=128faecd-b696-4129-8182-09e7cb26dc36,javaHome=D:\Program Files\Android\Android Studio\jbr,daemonRegistryDir=C:\Users\BigBeastDGX\AndroidStudioProjects\JAI\daemon,pid=18264,idleTimeout=10800000,priority=NORMAL,applyInstrumentationAgent=true,daemonOpts=--add-opens=java.base/java.util=ALL-UNNAMED,--add-opens=java.base/java.lang=ALL-UNNAMED,--add-opens=java.base/java.lang.invoke=ALL-UNNAMED,--add-opens=java.prefs/java.util.prefs=ALL-UNNAMED,--add-opens=java.base/java.nio.charset=ALL-UNNAMED,--add-opens=java.base/java.net=ALL-UNNAMED,--add-opens=java.base/java.util.concurrent.atomic=ALL-UNNAMED,-Xmx2048m,-Dfile.encoding=UTF-8,-Duser.country=US,-Duser.language=en,-Duser.variant]
2023-12-13T06:14:43.226+0330 [DEBUG] [org.gradle.cache.internal.DefaultFileLockManager] Waiting to acquire exclusive lock on daemon addresses registry.
2023-12-13T06:14:43.227+0330 [DEBUG] [org.gradle.cache.internal.DefaultFileLockManager] Lock acquired on daemon addresses registry.
2023-12-13T06:14:43.230+0330 [DEBUG] [org.gradle.cache.internal.DefaultFileLockManager] Releasing lock on daemon addresses registry.
2023-12-13T06:14:43.230+0330 [LIFECYCLE] [org.gradle.launcher.daemon.server.Daemon] Daemon server started.
2023-12-13T06:14:43.230+0330 [DEBUG] [org.gradle.launcher.daemon.bootstrap.DaemonStartupCommunication] Completed writing the daemon greeting. Closing streams...
2023-12-13T06:14:43.232+0330 [DEBUG] [org.gradle.launcher.daemon.server.Daemon] stopOnExpiration() called on daemon
2023-12-13T06:14:43.233+0330 [DEBUG] [org.gradle.launcher.daemon.server.Daemon] awaitExpiration() called on daemon
2023-12-13T06:14:43.233+0330 [DEBUG] [org.gradle.launcher.daemon.server.DaemonStateCoordinator] daemon is running. Sleeping until state changes.
2023-12-13T06:14:43.239+0330 [DEBUG] [org.gradle.internal.remote.internal.inet.TcpIncomingConnector] Accepted connection from /127.0.0.1:51060 to /127.0.0.1:51059.
2023-12-13T06:14:43.279+0330 [DEBUG] [org.gradle.launcher.daemon.server.SynchronizedDispatchConnection] thread 30: received class org.gradle.launcher.daemon.protocol.Build
2023-12-13T06:14:43.279+0330 [DEBUG] [org.gradle.launcher.daemon.server.DefaultDaemonConnection] thread 30: Received non-IO message from client: Build{id=bf94294b-a664-42c4-af7b-59f75ec49b82, currentDir=C:\Users\BigBeastDGX\AndroidStudioProjects\JAI}
2023-12-13T06:14:43.279+0330 [INFO] [org.gradle.launcher.daemon.server.DefaultIncomingConnectionHandler] Received command: Build{id=bf94294b-a664-42c4-af7b-59f75ec49b82, currentDir=C:\Users\BigBeastDGX\AndroidStudioProjects\JAI}.
2023-12-13T06:14:43.279+0330 [DEBUG] [org.gradle.launcher.daemon.server.DefaultIncomingConnectionHandler] Starting executing command: Build{id=bf94294b-a664-42c4-af7b-59f75ec49b82, currentDir=C:\Users\BigBeastDGX\AndroidStudioProjects\JAI} with connection: socket connection from /127.0.0.1:51059 to /127.0.0.1:51060.
2023-12-13T06:14:43.281+0330 [DEBUG] [org.gradle.launcher.daemon.server.DaemonStateCoordinator] Command execution: started DaemonCommandExecution[command = Build{id=bf94294b-a664-42c4-af7b-59f75ec49b82, currentDir=C:\Users\BigBeastDGX\AndroidStudioProjects\JAI}, connection = DefaultDaemonConnection: socket connection from /127.0.0.1:51059 to /127.0.0.1:51060] after 0.0 minutes of idle
2023-12-13T06:14:43.281+0330 [INFO] [org.gradle.launcher.daemon.server.DaemonRegistryUpdater] Marking the daemon as busy, address: [1be0f0e6-0b92-43e6-a4af-60cf9f3b1b8a port:51059, addresses:[localhost/127.0.0.1]]
2023-12-13T06:14:43.281+0330 [DEBUG] [org.gradle.launcher.daemon.registry.PersistentDaemonRegistry] Marking busy by address: [1be0f0e6-0b92-43e6-a4af-60cf9f3b1b8a port:51059, addresses:[localhost/127.0.0.1]]
2023-12-13T06:14:43.281+0330 [DEBUG] [org.gradle.cache.internal.DefaultFileLockManager] Waiting to acquire exclusive lock on daemon addresses registry.
2023-12-13T06:14:43.281+0330 [DEBUG] [org.gradle.cache.internal.DefaultFileLockManager] Lock acquired on daemon addresses registry.
2023-12-13T06:14:43.282+0330 [DEBUG] [org.gradle.cache.internal.DefaultFileLockManager] Releasing lock on daemon addresses registry.
2023-12-13T06:14:43.282+0330 [DEBUG] [org.gradle.launcher.daemon.server.DaemonStateCoordinator] resetting idle timer
2023-12-13T06:14:43.282+0330 [DEBUG] [org.gradle.launcher.daemon.server.DaemonStateCoordinator] daemon is running. Sleeping until state changes.
2023-12-13T06:14:43.282+0330 [INFO] [org.gradle.launcher.daemon.server.exec.StartBuildOrRespondWithBusy] Daemon is about to start building Build{id=bf94294b-a664-42c4-af7b-59f75ec49b82, currentDir=C:\Users\BigBeastDGX\AndroidStudioProjects\JAI}. Dispatching build started information...
2023-12-13T06:14:43.283+0330 [DEBUG] [org.gradle.launcher.daemon.server.SynchronizedDispatchConnection] thread 32: dispatching org.gradle.launcher.daemon.protocol.BuildStarted@11f92e17
2023-12-13T06:14:43.284+0330 [DEBUG] [org.gradle.launcher.daemon.server.exec.EstablishBuildEnvironment] Configuring env variables: [USERDOMAIN_ROAMINGPROFILE, LOCALAPPDATA, PROCESSOR_LEVEL, USERDOMAIN, FPS_BROWSER_APP_PROFILE_STRING, LOGONSERVER, SESSIONNAME, ALLUSERSPROFILE, PROCESSOR_ARCHITECTURE, RlsSvcPort, PSModulePath, SystemDrive, OneDrive, APPDATA, ACSvcPort, USERNAME, ProgramFiles(x86), ACSetupSvcPort, CommonProgramFiles, Path, FPS_BROWSER_USER_PROFILE_STRING, PATHEXT, DriverData, OS, COMPUTERNAME, PROCESSOR_REVISION, CommonProgramW6432, ComSpec, ProgramData, ProgramW6432, EFC_7304, TEMP, HOMEPATH, SystemRoot, PROCESSOR_IDENTIFIER, HOMEDRIVE, USERPROFILE, TMP, CommonProgramFiles(x86), ProgramFiles, PUBLIC, windir, NUMBER_OF_PROCESSORS, =::, IDEA_INITIAL_DIRECTORY]
2023-12-13T06:14:43.284+0330 [DEBUG] [org.gradle.launcher.daemon.server.SynchronizedDispatchConnection] thread 30: received class org.gradle.launcher.daemon.protocol.CloseInput
2023-12-13T06:14:43.285+0330 [DEBUG] [org.gradle.launcher.daemon.server.DefaultDaemonConnection] thread 30: Received IO message from client: org.gradle.launcher.daemon.protocol.CloseInput@2ffd71fd
2023-12-13T06:14:43.287+0330 [DEBUG] [org.gradle.launcher.daemon.server.exec.LogToClient] About to start relaying all logs to the client via the connection.
2023-12-13T06:14:43.287+0330 [INFO] [org.gradle.launcher.daemon.server.exec.LogToClient] The client will now receive all logging from the daemon (pid: 18264). The daemon log file: C:\Users\BigBeastDGX\AndroidStudioProjects\JAI\daemon\8.2\daemon-18264.out.log
2023-12-13T06:14:43.289+0330 [INFO] [org.gradle.launcher.daemon.server.exec.LogAndCheckHealth] Starting build in new daemon [memory: 2 GiB]
2023-12-13T06:14:43.289+0330 [INFO] [org.gradle.launcher.daemon.server.exec.ForwardClientInput] Closing daemon's stdin at end of input.
2023-12-13T06:14:43.289+0330 [INFO] [org.gradle.launcher.daemon.server.exec.ForwardClientInput] The daemon will no longer process any standard input.
2023-12-13T06:14:43.290+0330 [DEBUG] [org.gradle.launcher.daemon.server.exec.ExecuteBuild] The daemon has started executing the build.
2023-12-13T06:14:43.290+0330 [DEBUG] [org.gradle.launcher.daemon.server.exec.ExecuteBuild] Executing build with daemon context: DefaultDaemonContext[uid=128faecd-b696-4129-8182-09e7cb26dc36,javaHome=D:\Program Files\Android\Android Studio\jbr,daemonRegistryDir=C:\Users\BigBeastDGX\AndroidStudioProjects\JAI\daemon,pid=18264,idleTimeout=10800000,priority=NORMAL,applyInstrumentationAgent=true,daemonOpts=--add-opens=java.base/java.util=ALL-UNNAMED,--add-opens=java.base/java.lang=ALL-UNNAMED,--add-opens=java.base/java.lang.invoke=ALL-UNNAMED,--add-opens=java.prefs/java.util.prefs=ALL-UNNAMED,--add-opens=java.base/java.nio.charset=ALL-UNNAMED,--add-opens=java.base/java.net=ALL-UNNAMED,--add-opens=java.base/java.util.concurrent.atomic=ALL-UNNAMED,-Xmx2048m,-Dfile.encoding=UTF-8,-Duser.country=US,-Duser.language=en,-Duser.variant]
Note: C:\Users\BigBeastDGX\AndroidStudioProjects\JAI\app\src\main\java\com\example\j_ai\SpeechToTextActivity.java uses or overrides a deprecated API.
Note: Recompile with -Xlint:deprecation for details.

BUILD SUCCESSFUL in 11s
31 actionable tasks: 4 executed, 27 up-to-date
2023-12-13T06:14:53.618+0330 [DEBUG] [org.gradle.launcher.daemon.server.exec.ExecuteBuild] The daemon has finished executing the build.
2023-12-13T06:14:53.634+0330 [DEBUG] [org.gradle.launcher.daemon.server.DaemonStateCoordinator] daemon is running. Sleeping until state changes.
2023-12-13T06:14:53.634+0330 [DEBUG] [org.gradle.launcher.daemon.server.DaemonStateCoordinator] Command execution: finished waiting for DaemonCommandExecution[command = Build{id=bf94294b-a664-42c4-af7b-59f75ec49b82, currentDir=C:\Users\BigBeastDGX\AndroidStudioProjects\JAI}, connection = DefaultDaemonConnection: socket connection from /127.0.0.1:51059 to /127.0.0.1:51060]. Result org.gradle.launcher.daemon.server.DaemonStateCoordinator@2bf82c23 with state Busy
2023-12-13T06:14:53.634+0330 [DEBUG] [org.gradle.launcher.daemon.server.DaemonStateCoordinator] Command execution: completed DaemonCommandExecution[command = Build{id=bf94294b-a664-42c4-af7b-59f75ec49b82, currentDir=C:\Users\BigBeastDGX\AndroidStudioProjects\JAI}, connection = DefaultDaemonConnection: socket connection from /127.0.0.1:51059 to /127.0.0.1:51060]
2023-12-13T06:14:53.634+0330 [DEBUG] [org.gradle.launcher.daemon.server.DaemonStateCoordinator] resetting idle timer
2023-12-13T06:14:53.634+0330 [INFO] [org.gradle.launcher.daemon.server.DaemonRegistryUpdater] Marking the daemon as idle, address: [1be0f0e6-0b92-43e6-a4af-60cf9f3b1b8a port:51059, addresses:[localhost/127.0.0.1]]
2023-12-13T06:14:53.635+0330 [DEBUG] [org.gradle.launcher.daemon.registry.PersistentDaemonRegistry] Marking busy by address: [1be0f0e6-0b92-43e6-a4af-60cf9f3b1b8a port:51059, addresses:[localhost/127.0.0.1]]
2023-12-13T06:14:53.635+0330 [DEBUG] [org.gradle.cache.internal.DefaultFileLockManager] Waiting to acquire exclusive lock on daemon addresses registry.
2023-12-13T06:14:53.635+0330 [DEBUG] [org.gradle.cache.internal.DefaultFileLockManager] Lock acquired on daemon addresses registry.
2023-12-13T06:14:53.636+0330 [DEBUG] [org.gradle.cache.internal.DefaultFileLockManager] Releasing lock on daemon addresses registry.
2023-12-13T06:14:53.636+0330 [DEBUG] [org.gradle.launcher.daemon.server.DaemonStateCoordinator] daemon is running. Sleeping until state changes.
2023-12-13T06:14:53.636+0330 [DEBUG] [org.gradle.launcher.daemon.server.exec.ReturnResult] Daemon is dispatching the build result: Success[value=org.gradle.launcher.exec.BuildActionResult@22da4cf]
2023-12-13T06:14:53.636+0330 [DEBUG] [org.gradle.launcher.daemon.server.SynchronizedDispatchConnection] thread 29: dispatching Success[value=org.gradle.launcher.exec.BuildActionResult@22da4cf]
2023-12-13T06:14:53.636+0330 [DEBUG] [org.gradle.launcher.daemon.server.DefaultIncomingConnectionHandler] Finishing executing command: Build{id=bf94294b-a664-42c4-af7b-59f75ec49b82, currentDir=C:\Users\BigBeastDGX\AndroidStudioProjects\JAI}
2023-12-13T06:14:53.637+0330 [DEBUG] [org.gradle.launcher.daemon.server.SynchronizedDispatchConnection] thread 30: received class org.gradle.launcher.daemon.protocol.Finished
2023-12-13T06:14:53.637+0330 [DEBUG] [org.gradle.launcher.daemon.server.DefaultDaemonConnection] thread 30: Received non-IO message from client: org.gradle.launcher.daemon.protocol.Finished@627b6800
2023-12-13T06:14:53.637+0330 [DEBUG] [org.gradle.launcher.daemon.server.DefaultIncomingConnectionHandler] Received finished message: org.gradle.launcher.daemon.protocol.Finished@627b6800
2023-12-13T06:14:53.637+0330 [DEBUG] [org.gradle.launcher.daemon.server.SynchronizedDispatchConnection] thread 29: stopping connection
2023-12-13T06:14:53.637+0330 [DEBUG] [org.gradle.internal.remote.internal.inet.SocketConnection] Discarding EOFException: java.io.EOFException
2023-12-13T06:14:53.637+0330 [DEBUG] [org.gradle.launcher.daemon.server.SynchronizedDispatchConnection] thread 30: received null
2023-12-13T06:14:53.637+0330 [DEBUG] [org.gradle.launcher.daemon.server.DefaultDaemonConnection] thread 30: Received end-of-input from client.
2023-12-13T06:14:53.638+0330 [DEBUG] [org.gradle.launcher.daemon.server.SynchronizedDispatchConnection] thread 29: stopping connection
2023-12-13T06:15:03.246+0330 [DEBUG] [org.gradle.cache.internal.DefaultFileLockManager] Waiting to acquire shared lock on daemon addresses registry.
2023-12-13T06:15:03.247+0330 [DEBUG] [org.gradle.cache.internal.DefaultFileLockManager] Lock acquired on daemon addresses registry.
2023-12-13T06:15:03.249+0330 [DEBUG] [org.gradle.cache.internal.DefaultFileLockManager] Releasing lock on daemon addresses registry.
2023-12-13T06:15:03.251+0330 [DEBUG] [org.gradle.cache.internal.DefaultFileLockManager] Waiting to acquire shared lock on daemon addresses registry.
2023-12-13T06:15:03.252+0330 [DEBUG] [org.gradle.cache.internal.DefaultFileLockManager] Lock acquired on daemon addresses registry.
2023-12-13T06:15:03.252+0330 [DEBUG] [org.gradle.cache.internal.DefaultFileLockManager] Releasing lock on daemon addresses registry.
2023-12-13T06:15:13.248+0330 [DEBUG] [org.gradle.cache.internal.DefaultFileLockManager] Waiting to acquire shared lock on daemon addresses registry.
2023-12-13T06:15:13.249+0330 [DEBUG] [org.gradle.cache.internal.DefaultFileLockManager] Lock acquired on daemon addresses registry.
2023-12-13T06:15:13.249+0330 [DEBUG] [org.gradle.cache.internal.DefaultFileLockManager] Releasing lock on daemon addresses registry.
2023-12-13T06:15:13.251+0330 [DEBUG] [org.gradle.cache.internal.DefaultFileLockManager] Waiting to acquire shared lock on daemon addresses registry.
2023-12-13T06:15:13.251+0330 [DEBUG] [org.gradle.cache.internal.DefaultFileLockManager] Lock acquired on daemon addresses registry.
2023-12-13T06:15:13.252+0330 [DEBUG] [org.gradle.cache.internal.DefaultFileLockManager] Releasing lock on daemon addresses registry.
2023-12-13T06:15:13.253+0330 [DEBUG] [org.gradle.cache.internal.DefaultFileLockManager] Waiting to acquire shared lock on daemon addresses registry.
2023-12-13T06:15:13.253+0330 [DEBUG] [org.gradle.cache.internal.DefaultFileLockManager] Lock acquired on daemon addresses registry.
2023-12-13T06:15:13.253+0330 [DEBUG] [org.gradle.cache.internal.DefaultFileLockManager] Releasing lock on daemon addresses registry.
2023-12-13T06:15:23.239+0330 [DEBUG] [org.gradle.cache.internal.DefaultFileLockManager] Waiting to acquire shared lock on daemon addresses registry.
2023-12-13T06:15:23.240+0330 [DEBUG] [org.gradle.cache.internal.DefaultFileLockManager] Lock acquired on daemon addresses registry.
2023-12-13T06:15:23.241+0330 [DEBUG] [org.gradle.cache.internal.DefaultFileLockManager] Releasing lock on daemon addresses registry.
2023-12-13T06:15:23.242+0330 [DEBUG] [org.gradle.cache.internal.DefaultFileLockManager] Waiting to acquire shared lock on daemon addresses registry.
2023-12-13T06:15:23.243+0330 [DEBUG] [org.gradle.cache.internal.DefaultFileLockManager] Lock acquired on daemon addresses registry.
2023-12-13T06:15:23.243+0330 [DEBUG] [org.gradle.cache.internal.DefaultFileLockManager] Releasing lock on daemon addresses registry.
2023-12-13T06:15:23.244+0330 [DEBUG] [org.gradle.cache.internal.DefaultFileLockManager] Waiting to acquire shared lock on daemon addresses registry.
2023-12-13T06:15:23.244+0330 [DEBUG] [org.gradle.cache.internal.DefaultFileLockManager] Lock acquired on daemon addresses registry.
2023-12-13T06:15:23.244+0330 [DEBUG] [org.gradle.cache.internal.DefaultFileLockManager] Releasing lock on daemon addresses registry.
2023-12-13T06:15:33.240+0330 [DEBUG] [org.gradle.cache.internal.DefaultFileLockManager] Waiting to acquire shared lock on daemon addresses registry.
2023-12-13T06:15:33.241+0330 [DEBUG] [org.gradle.cache.internal.DefaultFileLockManager] Lock acquired on daemon addresses registry.
2023-12-13T06:15:33.242+0330 [DEBUG] [org.gradle.cache.internal.DefaultFileLockManager] Releasing lock on daemon addresses registry.
2023-12-13T06:15:33.244+0330 [DEBUG] [org.gradle.cache.internal.DefaultFileLockManager] Waiting to acquire shared lock on daemon addresses registry.
2023-12-13T06:15:33.244+0330 [DEBUG] [org.gradle.cache.internal.DefaultFileLockManager] Lock acquired on daemon addresses registry.
2023-12-13T06:15:33.244+0330 [DEBUG] [org.gradle.cache.internal.DefaultFileLockManager] Releasing lock on daemon addresses registry.
2023-12-13T06:15:33.245+0330 [DEBUG] [org.gradle.cache.internal.DefaultFileLockManager] Waiting to acquire shared lock on daemon addresses registry.
2023-12-13T06:15:33.246+0330 [DEBUG] [org.gradle.cache.internal.DefaultFileLockManager] Lock acquired on daemon addresses registry.
2023-12-13T06:15:33.246+0330 [DEBUG] [org.gradle.cache.internal.DefaultFileLockManager] Releasing lock on daemon addresses registry.
2023-12-13T06:15:43.240+0330 [DEBUG] [org.gradle.cache.internal.DefaultFileLockManager] Waiting to acquire shared lock on daemon addresses registry.
2023-12-13T06:15:43.241+0330 [DEBUG] [org.gradle.cache.internal.DefaultFileLockManager] Lock acquired on daemon addresses registry.
2023-12-13T06:15:43.241+0330 [DEBUG] [org.gradle.cache.internal.DefaultFileLockManager] Releasing lock on daemon addresses registry.
2023-12-13T06:15:43.243+0330 [DEBUG] [org.gradle.cache.internal.DefaultFileLockManager] Waiting to acquire shared lock on daemon addresses registry.
2023-12-13T06:15:43.243+0330 [DEBUG] [org.gradle.cache.internal.DefaultFileLockManager] Lock acquired on daemon addresses registry.
2023-12-13T06:15:43.243+0330 [DEBUG] [org.gradle.cache.internal.DefaultFileLockManager] Releasing lock on daemon addresses registry.
2023-12-13T06:15:43.244+0330 [DEBUG] [org.gradle.cache.internal.DefaultFileLockManager] Waiting to acquire shared lock on daemon addresses registry.
2023-12-13T06:15:43.244+0330 [DEBUG] [org.gradle.cache.internal.DefaultFileLockManager] Lock acquired on daemon addresses registry.
2023-12-13T06:15:43.244+0330 [DEBUG] [org.gradle.cache.internal.DefaultFileLockManager] Releasing lock on daemon addresses registry.
2023-12-13T06:15:53.248+0330 [DEBUG] [org.gradle.cache.internal.DefaultFileLockManager] Waiting to acquire shared lock on daemon addresses registry.
2023-12-13T06:15:53.249+0330 [DEBUG] [org.gradle.cache.internal.DefaultFileLockManager] Lock acquired on daemon addresses registry.
2023-12-13T06:15:53.250+0330 [DEBUG] [org.gradle.cache.internal.DefaultFileLockManager] Releasing lock on daemon addresses registry.
2023-12-13T06:15:53.251+0330 [DEBUG] [org.gradle.cache.internal.DefaultFileLockManager] Waiting to acquire shared lock on daemon addresses registry.
2023-12-13T06:15:53.251+0330 [DEBUG] [org.gradle.cache.internal.DefaultFileLockManager] Lock acquired on daemon addresses registry.
2023-12-13T06:15:53.252+0330 [DEBUG] [org.gradle.cache.internal.DefaultFileLockManager] Releasing lock on daemon addresses registry.
2023-12-13T06:15:53.252+0330 [DEBUG] [org.gradle.cache.internal.DefaultFileLockManager] Waiting to acquire shared lock on daemon addresses registry.
2023-12-13T06:15:53.252+0330 [DEBUG] [org.gradle.cache.internal.DefaultFileLockManager] Lock acquired on daemon addresses registry.
2023-12-13T06:15:53.252+0330 [DEBUG] [org.gradle.cache.internal.DefaultFileLockManager] Releasing lock on daemon addresses registry.
2023-12-13T06:16:03.238+0330 [DEBUG] [org.gradle.cache.internal.DefaultFileLockManager] Waiting to acquire shared lock on daemon addresses registry.
2023-12-13T06:16:03.239+0330 [DEBUG] [org.gradle.cache.internal.DefaultFileLockManager] Lock acquired on daemon addresses registry.
2023-12-13T06:16:03.239+0330 [DEBUG] [org.gradle.cache.internal.DefaultFileLockManager] Releasing lock on daemon addresses registry.
2023-12-13T06:16:03.240+0330 [DEBUG] [org.gradle.cache.internal.DefaultFileLockManager] Waiting to acquire shared lock on daemon addresses registry.
2023-12-13T06:16:03.240+0330 [DEBUG] [org.gradle.cache.internal.DefaultFileLockManager] Lock acquired on daemon addresses registry.
2023-12-13T06:16:03.240+0330 [DEBUG] [org.gradle.cache.internal.DefaultFileLockManager] Releasing lock on daemon addresses registry.
2023-12-13T06:16:03.240+0330 [DEBUG] [org.gradle.cache.internal.DefaultFileLockManager] Waiting to acquire shared lock on daemon addresses registry.
2023-12-13T06:16:03.240+0330 [DEBUG] [org.gradle.cache.internal.DefaultFileLockManager] Lock acquired on daemon addresses registry.
2023-12-13T06:16:03.240+0330 [DEBUG] [org.gradle.cache.internal.DefaultFileLockManager] Releasing lock on daemon addresses registry.
2023-12-13T06:16:13.236+0330 [DEBUG] [org.gradle.cache.internal.DefaultFileLockManager] Waiting to acquire shared lock on daemon addresses registry.
2023-12-13T06:16:13.236+0330 [DEBUG] [org.gradle.cache.internal.DefaultFileLockManager] Lock acquired on daemon addresses registry.
2023-12-13T06:16:13.237+0330 [DEBUG] [org.gradle.cache.internal.DefaultFileLockManager] Releasing lock on daemon addresses registry.
2023-12-13T06:16:13.239+0330 [DEBUG] [org.gradle.cache.internal.DefaultFileLockManager] Waiting to acquire shared lock on daemon addresses registry.
2023-12-13T06:16:13.239+0330 [DEBUG] [org.gradle.cache.internal.DefaultFileLockManager] Lock acquired on daemon addresses registry.
2023-12-13T06:16:13.239+0330 [DEBUG] [org.gradle.cache.internal.DefaultFileLockManager] Releasing lock on daemon addresses registry.
2023-12-13T06:16:13.240+0330 [DEBUG] [org.gradle.cache.internal.DefaultFileLockManager] Waiting to acquire shared lock on daemon addresses registry.
2023-12-13T06:16:13.240+0330 [DEBUG] [org.gradle.cache.internal.DefaultFileLockManager] Lock acquired on daemon addresses registry.
2023-12-13T06:16:13.240+0330 [DEBUG] [org.gradle.cache.internal.DefaultFileLockManager] Releasing lock on daemon addresses registry.
2023-12-13T06:16:20.990+0330 [DEBUG] [org.gradle.internal.remote.internal.inet.TcpIncomingConnector] Accepted connection from /127.0.0.1:51079 to /127.0.0.1:51059.
2023-12-13T06:16:20.992+0330 [DEBUG] [org.gradle.launcher.daemon.server.SynchronizedDispatchConnection] thread 349: received class org.gradle.launcher.daemon.protocol.Build
2023-12-13T06:16:20.992+0330 [DEBUG] [org.gradle.launcher.daemon.server.DefaultDaemonConnection] thread 349: Received non-IO message from client: Build{id=ecbe0585-b0b5-4638-bb9e-6d185783373d, currentDir=C:\Users\BigBeastDGX\AndroidStudioProjects\JAI}
2023-12-13T06:16:20.992+0330 [INFO] [org.gradle.launcher.daemon.server.DefaultIncomingConnectionHandler] Received command: Build{id=ecbe0585-b0b5-4638-bb9e-6d185783373d, currentDir=C:\Users\BigBeastDGX\AndroidStudioProjects\JAI}.
2023-12-13T06:16:20.993+0330 [DEBUG] [org.gradle.launcher.daemon.server.DefaultIncomingConnectionHandler] Starting executing command: Build{id=ecbe0585-b0b5-4638-bb9e-6d185783373d, currentDir=C:\Users\BigBeastDGX\AndroidStudioProjects\JAI} with connection: socket connection from /127.0.0.1:51059 to /127.0.0.1:51079.
2023-12-13T06:16:20.993+0330 [DEBUG] [org.gradle.launcher.daemon.server.DaemonStateCoordinator] Command execution: started DaemonCommandExecution[command = Build{id=ecbe0585-b0b5-4638-bb9e-6d185783373d, currentDir=C:\Users\BigBeastDGX\AndroidStudioProjects\JAI}, connection = DefaultDaemonConnection: socket connection from /127.0.0.1:51059 to /127.0.0.1:51079] after 1.0 minutes of idle
2023-12-13T06:16:20.993+0330 [INFO] [org.gradle.launcher.daemon.server.DaemonRegistryUpdater] Marking the daemon as busy, address: [1be0f0e6-0b92-43e6-a4af-60cf9f3b1b8a port:51059, addresses:[localhost/127.0.0.1]]
2023-12-13T06:16:20.993+0330 [DEBUG] [org.gradle.launcher.daemon.registry.PersistentDaemonRegistry] Marking busy by address: [1be0f0e6-0b92-43e6-a4af-60cf9f3b1b8a port:51059, addresses:[localhost/127.0.0.1]]
2023-12-13T06:16:20.994+0330 [DEBUG] [org.gradle.cache.internal.DefaultFileLockManager] Waiting to acquire exclusive lock on daemon addresses registry.
2023-12-13T06:16:20.994+0330 [DEBUG] [org.gradle.cache.internal.DefaultFileLockManager] Lock acquired on daemon addresses registry.
2023-12-13T06:16:20.994+0330 [DEBUG] [org.gradle.cache.internal.DefaultFileLockManager] Releasing lock on daemon addresses registry.
2023-12-13T06:16:20.994+0330 [DEBUG] [org.gradle.launcher.daemon.server.DaemonStateCoordinator] resetting idle timer
2023-12-13T06:16:20.994+0330 [DEBUG] [org.gradle.launcher.daemon.server.DaemonStateCoordinator] daemon is running. Sleeping until state changes.
2023-12-13T06:16:20.995+0330 [INFO] [org.gradle.launcher.daemon.server.exec.StartBuildOrRespondWithBusy] Daemon is about to start building Build{id=ecbe0585-b0b5-4638-bb9e-6d185783373d, currentDir=C:\Users\BigBeastDGX\AndroidStudioProjects\JAI}. Dispatching build started information...
2023-12-13T06:16:20.995+0330 [DEBUG] [org.gradle.launcher.daemon.server.SynchronizedDispatchConnection] thread 351: dispatching org.gradle.launcher.daemon.protocol.BuildStarted@774439b8
2023-12-13T06:16:20.995+0330 [DEBUG] [org.gradle.launcher.daemon.server.exec.EstablishBuildEnvironment] Configuring env variables: [USERDOMAIN_ROAMINGPROFILE, LOCALAPPDATA, PROCESSOR_LEVEL, USERDOMAIN, FPS_BROWSER_APP_PROFILE_STRING, LOGONSERVER, SESSIONNAME, ALLUSERSPROFILE, PROCESSOR_ARCHITECTURE, RlsSvcPort, PSModulePath, SystemDrive, OneDrive, APPDATA, ACSvcPort, USERNAME, ProgramFiles(x86), ACSetupSvcPort, CommonProgramFiles, Path, FPS_BROWSER_USER_PROFILE_STRING, PATHEXT, DriverData, OS, COMPUTERNAME, PROCESSOR_REVISION, CommonProgramW6432, ComSpec, ProgramData, ProgramW6432, EFC_7304, TEMP, HOMEPATH, SystemRoot, PROCESSOR_IDENTIFIER, HOMEDRIVE, USERPROFILE, TMP, CommonProgramFiles(x86), ProgramFiles, PUBLIC, windir, NUMBER_OF_PROCESSORS, =::, IDEA_INITIAL_DIRECTORY]
2023-12-13T06:16:20.995+0330 [DEBUG] [org.gradle.launcher.daemon.server.SynchronizedDispatchConnection] thread 349: received class org.gradle.launcher.daemon.protocol.CloseInput
2023-12-13T06:16:20.995+0330 [DEBUG] [org.gradle.launcher.daemon.server.DefaultDaemonConnection] thread 349: Received IO message from client: org.gradle.launcher.daemon.protocol.CloseInput@b597684
2023-12-13T06:16:20.996+0330 [DEBUG] [org.gradle.launcher.daemon.server.exec.LogToClient] About to start relaying all logs to the client via the connection.
2023-12-13T06:16:20.996+0330 [INFO] [org.gradle.launcher.daemon.server.exec.LogToClient] The client will now receive all logging from the daemon (pid: 18264). The daemon log file: C:\Users\BigBeastDGX\AndroidStudioProjects\JAI\daemon\8.2\daemon-18264.out.log
2023-12-13T06:16:20.997+0330 [INFO] [org.gradle.launcher.daemon.server.exec.LogAndCheckHealth] Starting 2nd build in daemon [uptime: 1 mins 37.972 secs, performance: 100%, GC rate: 0.00/s, heap usage: 0% of 2 GiB]
2023-12-13T06:16:20.997+0330 [DEBUG] [org.gradle.launcher.daemon.server.exec.ExecuteBuild] The daemon has started executing the build.
2023-12-13T06:16:20.997+0330 [INFO] [org.gradle.launcher.daemon.server.exec.ForwardClientInput] Closing daemon's stdin at end of input.
2023-12-13T06:16:20.997+0330 [INFO] [org.gradle.launcher.daemon.server.exec.ForwardClientInput] The daemon will no longer process any standard input.
2023-12-13T06:16:20.997+0330 [DEBUG] [org.gradle.launcher.daemon.server.exec.ExecuteBuild] Executing build with daemon context: DefaultDaemonContext[uid=128faecd-b696-4129-8182-09e7cb26dc36,javaHome=D:\Program Files\Android\Android Studio\jbr,daemonRegistryDir=C:\Users\BigBeastDGX\AndroidStudioProjects\JAI\daemon,pid=18264,idleTimeout=10800000,priority=NORMAL,applyInstrumentationAgent=true,daemonOpts=--add-opens=java.base/java.util=ALL-UNNAMED,--add-opens=java.base/java.lang=ALL-UNNAMED,--add-opens=java.base/java.lang.invoke=ALL-UNNAMED,--add-opens=java.prefs/java.util.prefs=ALL-UNNAMED,--add-opens=java.base/java.nio.charset=ALL-UNNAMED,--add-opens=java.base/java.net=ALL-UNNAMED,--add-opens=java.base/java.util.concurrent.atomic=ALL-UNNAMED,-Xmx2048m,-Dfile.encoding=UTF-8,-Duser.country=US,-Duser.language=en,-Duser.variant]

BUILD SUCCESSFUL in 381ms
31 actionable tasks: 31 up-to-date
2023-12-13T06:16:21.383+0330 [DEBUG] [org.gradle.launcher.daemon.server.exec.ExecuteBuild] The daemon has finished executing the build.
2023-12-13T06:16:21.400+0330 [DEBUG] [org.gradle.launcher.daemon.server.DaemonStateCoordinator] daemon is running. Sleeping until state changes.
2023-12-13T06:16:21.400+0330 [DEBUG] [org.gradle.launcher.daemon.server.DaemonStateCoordinator] Command execution: finished waiting for DaemonCommandExecution[command = Build{id=ecbe0585-b0b5-4638-bb9e-6d185783373d, currentDir=C:\Users\BigBeastDGX\AndroidStudioProjects\JAI}, connection = DefaultDaemonConnection: socket connection from /127.0.0.1:51059 to /127.0.0.1:51079]. Result org.gradle.launcher.daemon.server.DaemonStateCoordinator@2bf82c23 with state Busy
2023-12-13T06:16:21.401+0330 [DEBUG] [org.gradle.launcher.daemon.server.DaemonStateCoordinator] Command execution: completed DaemonCommandExecution[command = Build{id=ecbe0585-b0b5-4638-bb9e-6d185783373d, currentDir=C:\Users\BigBeastDGX\AndroidStudioProjects\JAI}, connection = DefaultDaemonConnection: socket connection from /127.0.0.1:51059 to /127.0.0.1:51079]
2023-12-13T06:16:21.401+0330 [DEBUG] [org.gradle.launcher.daemon.server.DaemonStateCoordinator] resetting idle timer
2023-12-13T06:16:21.401+0330 [INFO] [org.gradle.launcher.daemon.server.DaemonRegistryUpdater] Marking the daemon as idle, address: [1be0f0e6-0b92-43e6-a4af-60cf9f3b1b8a port:51059, addresses:[localhost/127.0.0.1]]
2023-12-13T06:16:21.401+0330 [DEBUG] [org.gradle.launcher.daemon.registry.PersistentDaemonRegistry] Marking busy by address: [1be0f0e6-0b92-43e6-a4af-60cf9f3b1b8a port:51059, addresses:[localhost/127.0.0.1]]
2023-12-13T06:16:21.402+0330 [DEBUG] [org.gradle.cache.internal.DefaultFileLockManager] Waiting to acquire exclusive lock on daemon addresses registry.
2023-12-13T06:16:21.403+0330 [DEBUG] [org.gradle.cache.internal.DefaultFileLockManager] Lock acquired on daemon addresses registry.
2023-12-13T06:16:21.404+0330 [DEBUG] [org.gradle.cache.internal.DefaultFileLockManager] Releasing lock on daemon addresses registry.
2023-12-13T06:16:21.404+0330 [DEBUG] [org.gradle.launcher.daemon.server.DaemonStateCoordinator] daemon is running. Sleeping until state changes.
2023-12-13T06:16:21.404+0330 [DEBUG] [org.gradle.launcher.daemon.server.exec.ReturnResult] Daemon is dispatching the build result: Success[value=org.gradle.launcher.exec.BuildActionResult@1fdd2802]
2023-12-13T06:16:21.404+0330 [DEBUG] [org.gradle.launcher.daemon.server.SynchronizedDispatchConnection] thread 348: dispatching Success[value=org.gradle.launcher.exec.BuildActionResult@1fdd2802]
2023-12-13T06:16:21.404+0330 [DEBUG] [org.gradle.launcher.daemon.server.DefaultIncomingConnectionHandler] Finishing executing command: Build{id=ecbe0585-b0b5-4638-bb9e-6d185783373d, currentDir=C:\Users\BigBeastDGX\AndroidStudioProjects\JAI}
2023-12-13T06:16:21.405+0330 [DEBUG] [org.gradle.launcher.daemon.server.SynchronizedDispatchConnection] thread 349: received class org.gradle.launcher.daemon.protocol.Finished
2023-12-13T06:16:21.405+0330 [DEBUG] [org.gradle.launcher.daemon.server.DefaultDaemonConnection] thread 349: Received non-IO message from client: org.gradle.launcher.daemon.protocol.Finished@59e899f
2023-12-13T06:16:21.405+0330 [DEBUG] [org.gradle.launcher.daemon.server.DefaultIncomingConnectionHandler] Received finished message: org.gradle.launcher.daemon.protocol.Finished@59e899f
2023-12-13T06:16:21.405+0330 [DEBUG] [org.gradle.launcher.daemon.server.SynchronizedDispatchConnection] thread 348: stopping connection
2023-12-13T06:16:21.405+0330 [DEBUG] [org.gradle.internal.remote.internal.inet.SocketConnection] Discarding EOFException: java.io.EOFException
2023-12-13T06:16:21.406+0330 [DEBUG] [org.gradle.launcher.daemon.server.SynchronizedDispatchConnection] thread 349: received null
2023-12-13T06:16:21.406+0330 [DEBUG] [org.gradle.launcher.daemon.server.DefaultDaemonConnection] thread 349: Received end-of-input from client.
2023-12-13T06:16:21.406+0330 [DEBUG] [org.gradle.launcher.daemon.server.SynchronizedDispatchConnection] thread 348: stopping connection
2023-12-13T06:16:23.241+0330 [DEBUG] [org.gradle.cache.internal.DefaultFileLockManager] Waiting to acquire shared lock on daemon addresses registry.
2023-12-13T06:16:23.242+0330 [DEBUG] [org.gradle.cache.internal.DefaultFileLockManager] Lock acquired on daemon addresses registry.
2023-12-13T06:16:23.243+0330 [DEBUG] [org.gradle.cache.internal.DefaultFileLockManager] Releasing lock on daemon addresses registry.
2023-12-13T06:16:23.247+0330 [DEBUG] [org.gradle.cache.internal.DefaultFileLockManager] Waiting to acquire shared lock on daemon addresses registry.
2023-12-13T06:16:23.247+0330 [DEBUG] [org.gradle.cache.internal.DefaultFileLockManager] Lock acquired on daemon addresses registry.
2023-12-13T06:16:23.248+0330 [DEBUG] [org.gradle.cache.internal.DefaultFileLockManager] Releasing lock on daemon addresses registry.
2023-12-13T06:16:33.237+0330 [DEBUG] [org.gradle.cache.internal.DefaultFileLockManager] Waiting to acquire shared lock on daemon addresses registry.
2023-12-13T06:16:33.237+0330 [DEBUG] [org.gradle.cache.internal.DefaultFileLockManager] Lock acquired on daemon addresses registry.
2023-12-13T06:16:33.238+0330 [DEBUG] [org.gradle.cache.internal.DefaultFileLockManager] Releasing lock on daemon addresses registry.
2023-12-13T06:16:33.238+0330 [DEBUG] [org.gradle.cache.internal.DefaultFileLockManager] Waiting to acquire shared lock on daemon addresses registry.
2023-12-13T06:16:33.238+0330 [DEBUG] [org.gradle.cache.internal.DefaultFileLockManager] Lock acquired on daemon addresses registry.
2023-12-13T06:16:33.238+0330 [DEBUG] [org.gradle.cache.internal.DefaultFileLockManager] Releasing lock on daemon addresses registry.
2023-12-13T06:16:33.239+0330 [DEBUG] [org.gradle.cache.internal.DefaultFileLockManager] Waiting to acquire shared lock on daemon addresses registry.
2023-12-13T06:16:33.239+0330 [DEBUG] [org.gradle.cache.internal.DefaultFileLockManager] Lock acquired on daemon addresses registry.
2023-12-13T06:16:33.239+0330 [DEBUG] [org.gradle.cache.internal.DefaultFileLockManager] Releasing lock on daemon addresses registry.
2023-12-13T06:16:43.246+0330 [DEBUG] [org.gradle.cache.internal.DefaultFileLockManager] Waiting to acquire shared lock on daemon addresses registry.
2023-12-13T06:16:43.246+0330 [DEBUG] [org.gradle.cache.internal.DefaultFileLockManager] Lock acquired on daemon addresses registry.
2023-12-13T06:16:43.247+0330 [DEBUG] [org.gradle.cache.internal.DefaultFileLockManager] Releasing lock on daemon addresses registry.
2023-12-13T06:16:43.248+0330 [DEBUG] [org.gradle.cache.internal.DefaultFileLockManager] Waiting to acquire shared lock on daemon addresses registry.
2023-12-13T06:16:43.248+0330 [DEBUG] [org.gradle.cache.internal.DefaultFileLockManager] Lock acquired on daemon addresses registry.
2023-12-13T06:16:43.249+0330 [DEBUG] [org.gradle.cache.internal.DefaultFileLockManager] Releasing lock on daemon addresses registry.
2023-12-13T06:16:43.249+0330 [DEBUG] [org.gradle.cache.internal.DefaultFileLockManager] Waiting to acquire shared lock on daemon addresses registry.
2023-12-13T06:16:43.249+0330 [DEBUG] [org.gradle.cache.internal.DefaultFileLockManager] Lock acquired on daemon addresses registry.
2023-12-13T06:16:43.250+0330 [DEBUG] [org.gradle.cache.internal.DefaultFileLockManager] Releasing lock on daemon addresses registry.
2023-12-13T06:16:53.240+0330 [DEBUG] [org.gradle.cache.internal.DefaultFileLockManager] Waiting to acquire shared lock on daemon addresses registry.
2023-12-13T06:16:53.241+0330 [DEBUG] [org.gradle.cache.internal.DefaultFileLockManager] Lock acquired on daemon addresses registry.
2023-12-13T06:16:53.241+0330 [DEBUG] [org.gradle.cache.internal.DefaultFileLockManager] Releasing lock on daemon addresses registry.
2023-12-13T06:16:53.242+0330 [DEBUG] [org.gradle.cache.internal.DefaultFileLockManager] Waiting to acquire shared lock on daemon addresses registry.
2023-12-13T06:16:53.242+0330 [DEBUG] [org.gradle.cache.internal.DefaultFileLockManager] Lock acquired on daemon addresses registry.
2023-12-13T06:16:53.242+0330 [DEBUG] [org.gradle.cache.internal.DefaultFileLockManager] Releasing lock on daemon addresses registry.
2023-12-13T06:16:53.242+0330 [DEBUG] [org.gradle.cache.internal.DefaultFileLockManager] Waiting to acquire shared lock on daemon addresses registry.
2023-12-13T06:16:53.242+0330 [DEBUG] [org.gradle.cache.internal.DefaultFileLockManager] Lock acquired on daemon addresses registry.
2023-12-13T06:16:53.243+0330 [DEBUG] [org.gradle.cache.internal.DefaultFileLockManager] Releasing lock on daemon addresses registry.
2023-12-13T06:17:03.237+0330 [DEBUG] [org.gradle.cache.internal.DefaultFileLockManager] Waiting to acquire shared lock on daemon addresses registry.
2023-12-13T06:17:03.237+0330 [DEBUG] [org.gradle.cache.internal.DefaultFileLockManager] Lock acquired on daemon addresses registry.
2023-12-13T06:17:03.237+0330 [DEBUG] [org.gradle.cache.internal.DefaultFileLockManager] Releasing lock on daemon addresses registry.
2023-12-13T06:17:03.238+0330 [DEBUG] [org.gradle.cache.internal.DefaultFileLockManager] Waiting to acquire shared lock on daemon addresses registry.
2023-12-13T06:17:03.238+0330 [DEBUG] [org.gradle.cache.internal.DefaultFileLockManager] Lock acquired on daemon addresses registry.
2023-12-13T06:17:03.238+0330 [DEBUG] [org.gradle.cache.internal.DefaultFileLockManager] Releasing lock on daemon addresses registry.
2023-12-13T06:17:03.238+0330 [DEBUG] [org.gradle.cache.internal.DefaultFileLockManager] Waiting to acquire shared lock on daemon addresses registry.
2023-12-13T06:17:03.238+0330 [DEBUG] [org.gradle.cache.internal.DefaultFileLockManager] Lock acquired on daemon addresses registry.
2023-12-13T06:17:03.238+0330 [DEBUG] [org.gradle.cache.internal.DefaultFileLockManager] Releasing lock on daemon addresses registry.
2023-12-13T06:17:13.250+0330 [DEBUG] [org.gradle.cache.internal.DefaultFileLockManager] Waiting to acquire shared lock on daemon addresses registry.
2023-12-13T06:17:13.251+0330 [DEBUG] [org.gradle.cache.internal.DefaultFileLockManager] Lock acquired on daemon addresses registry.
2023-12-13T06:17:13.252+0330 [DEBUG] [org.gradle.cache.internal.DefaultFileLockManager] Releasing lock on daemon addresses registry.
2023-12-13T06:17:13.254+0330 [DEBUG] [org.gradle.cache.internal.DefaultFileLockManager] Waiting to acquire shared lock on daemon addresses registry.
2023-12-13T06:17:13.254+0330 [DEBUG] [org.gradle.cache.internal.DefaultFileLockManager] Lock acquired on daemon addresses registry.
2023-12-13T06:17:13.254+0330 [DEBUG] [org.gradle.cache.internal.DefaultFileLockManager] Releasing lock on daemon addresses registry.
2023-12-13T06:17:13.255+0330 [DEBUG] [org.gradle.cache.internal.DefaultFileLockManager] Waiting to acquire shared lock on daemon addresses registry.
2023-12-13T06:17:13.255+0330 [DEBUG] [org.gradle.cache.internal.DefaultFileLockManager] Lock acquired on daemon addresses registry.
2023-12-13T06:17:13.255+0330 [DEBUG] [org.gradle.cache.internal.DefaultFileLockManager] Releasing lock on daemon addresses registry.
2023-12-13T06:17:23.241+0330 [DEBUG] [org.gradle.cache.internal.DefaultFileLockManager] Waiting to acquire shared lock on daemon addresses registry.
2023-12-13T06:17:23.242+0330 [DEBUG] [org.gradle.cache.internal.DefaultFileLockManager] Lock acquired on daemon addresses registry.
2023-12-13T06:17:23.242+0330 [DEBUG] [org.gradle.cache.internal.DefaultFileLockManager] Releasing lock on daemon addresses registry.
2023-12-13T06:17:23.242+0330 [DEBUG] [org.gradle.cache.internal.DefaultFileLockManager] Waiting to acquire shared lock on daemon addresses registry.
2023-12-13T06:17:23.242+0330 [DEBUG] [org.gradle.cache.internal.DefaultFileLockManager] Lock acquired on daemon addresses registry.
2023-12-13T06:17:23.242+0330 [DEBUG] [org.gradle.cache.internal.DefaultFileLockManager] Releasing lock on daemon addresses registry.
2023-12-13T06:17:23.243+0330 [DEBUG] [org.gradle.cache.internal.DefaultFileLockManager] Waiting to acquire shared lock on daemon addresses registry.
2023-12-13T06:17:23.243+0330 [DEBUG] [org.gradle.cache.internal.DefaultFileLockManager] Lock acquired on daemon addresses registry.
2023-12-13T06:17:23.243+0330 [DEBUG] [org.gradle.cache.internal.DefaultFileLockManager] Releasing lock on daemon addresses registry.
2023-12-13T06:17:33.234+0330 [DEBUG] [org.gradle.cache.internal.DefaultFileLockManager] Waiting to acquire shared lock on daemon addresses registry.
2023-12-13T06:17:33.234+0330 [DEBUG] [org.gradle.cache.internal.DefaultFileLockManager] Lock acquired on daemon addresses registry.
2023-12-13T06:17:33.234+0330 [DEBUG] [org.gradle.cache.internal.DefaultFileLockManager] Releasing lock on daemon addresses registry.
2023-12-13T06:17:33.235+0330 [DEBUG] [org.gradle.cache.internal.DefaultFileLockManager] Waiting to acquire shared lock on daemon addresses registry.
2023-12-13T06:17:33.235+0330 [DEBUG] [org.gradle.cache.internal.DefaultFileLockManager] Lock acquired on daemon addresses registry.
2023-12-13T06:17:33.235+0330 [DEBUG] [org.gradle.cache.internal.DefaultFileLockManager] Releasing lock on daemon addresses registry.
2023-12-13T06:17:33.236+0330 [DEBUG] [org.gradle.cache.internal.DefaultFileLockManager] Waiting to acquire shared lock on daemon addresses registry.
2023-12-13T06:17:33.236+0330 [DEBUG] [org.gradle.cache.internal.DefaultFileLockManager] Lock acquired on daemon addresses registry.
2023-12-13T06:17:33.236+0330 [DEBUG] [org.gradle.cache.internal.DefaultFileLockManager] Releasing lock on daemon addresses registry.
2023-12-13T06:17:43.241+0330 [DEBUG] [org.gradle.cache.internal.DefaultFileLockManager] Waiting to acquire shared lock on daemon addresses registry.
2023-12-13T06:17:43.242+0330 [DEBUG] [org.gradle.cache.internal.DefaultFileLockManager] Lock acquired on daemon addresses registry.
2023-12-13T06:17:43.243+0330 [DEBUG] [org.gradle.cache.internal.DefaultFileLockManager] Releasing lock on daemon addresses registry.
2023-12-13T06:17:43.245+0330 [DEBUG] [org.gradle.cache.internal.DefaultFileLockManager] Waiting to acquire shared lock on daemon addresses registry.
2023-12-13T06:17:43.245+0330 [DEBUG] [org.gradle.cache.internal.DefaultFileLockManager] Lock acquired on daemon addresses registry.
2023-12-13T06:17:43.245+0330 [DEBUG] [org.gradle.cache.internal.DefaultFileLockManager] Releasing lock on daemon addresses registry.
2023-12-13T06:17:43.245+0330 [DEBUG] [org.gradle.cache.internal.DefaultFileLockManager] Waiting to acquire shared lock on daemon addresses registry.
2023-12-13T06:17:43.246+0330 [DEBUG] [org.gradle.cache.internal.DefaultFileLockManager] Lock acquired on daemon addresses registry.
2023-12-13T06:17:43.246+0330 [DEBUG] [org.gradle.cache.internal.DefaultFileLockManager] Releasing lock on daemon addresses registry.
2023-12-13T06:17:53.241+0330 [DEBUG] [org.gradle.cache.internal.DefaultFileLockManager] Waiting to acquire shared lock on daemon addresses registry.
2023-12-13T06:17:53.241+0330 [DEBUG] [org.gradle.cache.internal.DefaultFileLockManager] Lock acquired on daemon addresses registry.
2023-12-13T06:17:53.242+0330 [DEBUG] [org.gradle.cache.internal.DefaultFileLockManager] Releasing lock on daemon addresses registry.
2023-12-13T06:17:53.243+0330 [DEBUG] [org.gradle.cache.internal.DefaultFileLockManager] Waiting to acquire shared lock on daemon addresses registry.
2023-12-13T06:17:53.243+0330 [DEBUG] [org.gradle.cache.internal.DefaultFileLockManager] Lock acquired on daemon addresses registry.
2023-12-13T06:17:53.244+0330 [DEBUG] [org.gradle.cache.internal.DefaultFileLockManager] Releasing lock on daemon addresses registry.
2023-12-13T06:17:53.244+0330 [DEBUG] [org.gradle.cache.internal.DefaultFileLockManager] Waiting to acquire shared lock on daemon addresses registry.
2023-12-13T06:17:53.244+0330 [DEBUG] [org.gradle.cache.internal.DefaultFileLockManager] Lock acquired on daemon addresses registry.
2023-12-13T06:17:53.244+0330 [DEBUG] [org.gradle.cache.internal.DefaultFileLockManager] Releasing lock on daemon addresses registry.
2023-12-13T06:17:55.242+0330 [DEBUG] [org.gradle.internal.watch.vfs.impl.WatchingVirtualFileSystem] Handling VFS change CREATED C:\Users\BigBeastDGX\AndroidStudioProjects\JAI\app\src\main\java\com\example\j_ai\SpeechToTextActivity.java~
2023-12-13T06:17:55.243+0330 [DEBUG] [org.gradle.internal.watch.vfs.impl.WatchingVirtualFileSystem] Handling VFS change MODIFIED C:\Users\BigBeastDGX\AndroidStudioProjects\JAI\app\src\main\java\com\example\j_ai\SpeechToTextActivity.java
2023-12-13T06:17:55.254+0330 [DEBUG] [org.gradle.internal.remote.internal.inet.TcpIncomingConnector] Accepted connection from /127.0.0.1:51158 to /127.0.0.1:51059.
2023-12-13T06:17:55.256+0330 [DEBUG] [org.gradle.launcher.daemon.server.SynchronizedDispatchConnection] thread 441: received class org.gradle.launcher.daemon.protocol.Build
2023-12-13T06:17:55.256+0330 [DEBUG] [org.gradle.launcher.daemon.server.DefaultDaemonConnection] thread 441: Received non-IO message from client: Build{id=a81c85be-e0fc-4b60-8f8b-4909c374222f, currentDir=C:\Users\BigBeastDGX\AndroidStudioProjects\JAI}
2023-12-13T06:17:55.257+0330 [INFO] [org.gradle.launcher.daemon.server.DefaultIncomingConnectionHandler] Received command: Build{id=a81c85be-e0fc-4b60-8f8b-4909c374222f, currentDir=C:\Users\BigBeastDGX\AndroidStudioProjects\JAI}.
2023-12-13T06:17:55.257+0330 [DEBUG] [org.gradle.launcher.daemon.server.DefaultIncomingConnectionHandler] Starting executing command: Build{id=a81c85be-e0fc-4b60-8f8b-4909c374222f, currentDir=C:\Users\BigBeastDGX\AndroidStudioProjects\JAI} with connection: socket connection from /127.0.0.1:51059 to /127.0.0.1:51158.
2023-12-13T06:17:55.257+0330 [DEBUG] [org.gradle.launcher.daemon.server.DaemonStateCoordinator] Command execution: started DaemonCommandExecution[command = Build{id=a81c85be-e0fc-4b60-8f8b-4909c374222f, currentDir=C:\Users\BigBeastDGX\AndroidStudioProjects\JAI}, connection = DefaultDaemonConnection: socket connection from /127.0.0.1:51059 to /127.0.0.1:51158] after 1.0 minutes of idle
2023-12-13T06:17:55.257+0330 [INFO] [org.gradle.launcher.daemon.server.DaemonRegistryUpdater] Marking the daemon as busy, address: [1be0f0e6-0b92-43e6-a4af-60cf9f3b1b8a port:51059, addresses:[localhost/127.0.0.1]]
2023-12-13T06:17:55.257+0330 [DEBUG] [org.gradle.launcher.daemon.registry.PersistentDaemonRegistry] Marking busy by address: [1be0f0e6-0b92-43e6-a4af-60cf9f3b1b8a port:51059, addresses:[localhost/127.0.0.1]]
2023-12-13T06:17:55.257+0330 [DEBUG] [org.gradle.cache.internal.DefaultFileLockManager] Waiting to acquire exclusive lock on daemon addresses registry.
2023-12-13T06:17:55.258+0330 [DEBUG] [org.gradle.cache.internal.DefaultFileLockManager] Lock acquired on daemon addresses registry.
2023-12-13T06:17:55.258+0330 [DEBUG] [org.gradle.cache.internal.DefaultFileLockManager] Releasing lock on daemon addresses registry.
2023-12-13T06:17:55.258+0330 [DEBUG] [org.gradle.launcher.daemon.server.DaemonStateCoordinator] resetting idle timer
2023-12-13T06:17:55.258+0330 [DEBUG] [org.gradle.launcher.daemon.server.DaemonStateCoordinator] daemon is running. Sleeping until state changes.
2023-12-13T06:17:55.258+0330 [INFO] [org.gradle.launcher.daemon.server.exec.StartBuildOrRespondWithBusy] Daemon is about to start building Build{id=a81c85be-e0fc-4b60-8f8b-4909c374222f, currentDir=C:\Users\BigBeastDGX\AndroidStudioProjects\JAI}. Dispatching build started information...
2023-12-13T06:17:55.258+0330 [DEBUG] [org.gradle.launcher.daemon.server.SynchronizedDispatchConnection] thread 443: dispatching org.gradle.launcher.daemon.protocol.BuildStarted@464f4fc8
2023-12-13T06:17:55.259+0330 [DEBUG] [org.gradle.launcher.daemon.server.SynchronizedDispatchConnection] thread 441: received class org.gradle.launcher.daemon.protocol.CloseInput
2023-12-13T06:17:55.259+0330 [DEBUG] [org.gradle.launcher.daemon.server.DefaultDaemonConnection] thread 441: Received IO message from client: org.gradle.launcher.daemon.protocol.CloseInput@2428729f
2023-12-13T06:17:55.259+0330 [DEBUG] [org.gradle.launcher.daemon.server.exec.EstablishBuildEnvironment] Configuring env variables: [USERDOMAIN_ROAMINGPROFILE, LOCALAPPDATA, PROCESSOR_LEVEL, USERDOMAIN, FPS_BROWSER_APP_PROFILE_STRING, LOGONSERVER, SESSIONNAME, ALLUSERSPROFILE, PROCESSOR_ARCHITECTURE, RlsSvcPort, PSModulePath, SystemDrive, OneDrive, APPDATA, ACSvcPort, USERNAME, ProgramFiles(x86), ACSetupSvcPort, CommonProgramFiles, Path, FPS_BROWSER_USER_PROFILE_STRING, PATHEXT, DriverData, OS, COMPUTERNAME, PROCESSOR_REVISION, CommonProgramW6432, ComSpec, ProgramData, ProgramW6432, EFC_7304, TEMP, HOMEPATH, SystemRoot, PROCESSOR_IDENTIFIER, HOMEDRIVE, USERPROFILE, TMP, CommonProgramFiles(x86), ProgramFiles, PUBLIC, windir, NUMBER_OF_PROCESSORS, =::, IDEA_INITIAL_DIRECTORY]
2023-12-13T06:17:55.260+0330 [DEBUG] [org.gradle.launcher.daemon.server.exec.LogToClient] About to start relaying all logs to the client via the connection.
2023-12-13T06:17:55.260+0330 [INFO] [org.gradle.launcher.daemon.server.exec.LogToClient] The client will now receive all logging from the daemon (pid: 18264). The daemon log file: C:\Users\BigBeastDGX\AndroidStudioProjects\JAI\daemon\8.2\daemon-18264.out.log
2023-12-13T06:17:55.260+0330 [INFO] [org.gradle.launcher.daemon.server.exec.LogAndCheckHealth] Starting 3rd build in daemon [uptime: 3 mins 12.235 secs, performance: 100%, GC rate: 0.00/s, heap usage: 0% of 2 GiB]
2023-12-13T06:17:55.260+0330 [DEBUG] [org.gradle.launcher.daemon.server.exec.ExecuteBuild] The daemon has started executing the build.
2023-12-13T06:17:55.260+0330 [DEBUG] [org.gradle.launcher.daemon.server.exec.ExecuteBuild] Executing build with daemon context: DefaultDaemonContext[uid=128faecd-b696-4129-8182-09e7cb26dc36,javaHome=D:\Program Files\Android\Android Studio\jbr,daemonRegistryDir=C:\Users\BigBeastDGX\AndroidStudioProjects\JAI\daemon,pid=18264,idleTimeout=10800000,priority=NORMAL,applyInstrumentationAgent=true,daemonOpts=--add-opens=java.base/java.util=ALL-UNNAMED,--add-opens=java.base/java.lang=ALL-UNNAMED,--add-opens=java.base/java.lang.invoke=ALL-UNNAMED,--add-opens=java.prefs/java.util.prefs=ALL-UNNAMED,--add-opens=java.base/java.nio.charset=ALL-UNNAMED,--add-opens=java.base/java.net=ALL-UNNAMED,--add-opens=java.base/java.util.concurrent.atomic=ALL-UNNAMED,-Xmx2048m,-Dfile.encoding=UTF-8,-Duser.country=US,-Duser.language=en,-Duser.variant]
Note: C:\Users\BigBeastDGX\AndroidStudioProjects\JAI\app\src\main\java\com\example\j_ai\SpeechToTextActivity.java uses or overrides a deprecated API.
Note: Recompile with -Xlint:deprecation for details.

BUILD SUCCESSFUL in 634ms
31 actionable tasks: 4 executed, 27 up-to-date
2023-12-13T06:17:55.906+0330 [DEBUG] [org.gradle.launcher.daemon.server.exec.ExecuteBuild] The daemon has finished executing the build.
2023-12-13T06:17:55.923+0330 [DEBUG] [org.gradle.launcher.daemon.server.DaemonStateCoordinator] daemon is running. Sleeping until state changes.
2023-12-13T06:17:55.923+0330 [DEBUG] [org.gradle.launcher.daemon.server.DaemonStateCoordinator] Command execution: finished waiting for DaemonCommandExecution[command = Build{id=a81c85be-e0fc-4b60-8f8b-4909c374222f, currentDir=C:\Users\BigBeastDGX\AndroidStudioProjects\JAI}, connection = DefaultDaemonConnection: socket connection from /127.0.0.1:51059 to /127.0.0.1:51158]. Result org.gradle.launcher.daemon.server.DaemonStateCoordinator@2bf82c23 with state Busy
2023-12-13T06:17:55.923+0330 [DEBUG] [org.gradle.launcher.daemon.server.DaemonStateCoordinator] Command execution: completed DaemonCommandExecution[command = Build{id=a81c85be-e0fc-4b60-8f8b-4909c374222f, currentDir=C:\Users\BigBeastDGX\AndroidStudioProjects\JAI}, connection = DefaultDaemonConnection: socket connection from /127.0.0.1:51059 to /127.0.0.1:51158]
2023-12-13T06:17:55.923+0330 [DEBUG] [org.gradle.launcher.daemon.server.DaemonStateCoordinator] resetting idle timer
2023-12-13T06:17:55.923+0330 [INFO] [org.gradle.launcher.daemon.server.DaemonRegistryUpdater] Marking the daemon as idle, address: [1be0f0e6-0b92-43e6-a4af-60cf9f3b1b8a port:51059, addresses:[localhost/127.0.0.1]]
2023-12-13T06:17:55.923+0330 [DEBUG] [org.gradle.launcher.daemon.registry.PersistentDaemonRegistry] Marking busy by address: [1be0f0e6-0b92-43e6-a4af-60cf9f3b1b8a port:51059, addresses:[localhost/127.0.0.1]]
2023-12-13T06:17:55.924+0330 [DEBUG] [org.gradle.cache.internal.DefaultFileLockManager] Waiting to acquire exclusive lock on daemon addresses registry.
2023-12-13T06:17:55.924+0330 [DEBUG] [org.gradle.cache.internal.DefaultFileLockManager] Lock acquired on daemon addresses registry.
2023-12-13T06:17:55.925+0330 [DEBUG] [org.gradle.cache.internal.DefaultFileLockManager] Releasing lock on daemon addresses registry.
2023-12-13T06:17:55.925+0330 [DEBUG] [org.gradle.launcher.daemon.server.DaemonStateCoordinator] daemon is running. Sleeping until state changes.
2023-12-13T06:17:55.925+0330 [DEBUG] [org.gradle.launcher.daemon.server.exec.ReturnResult] Daemon is dispatching the build result: Success[value=org.gradle.launcher.exec.BuildActionResult@2a79e804]
2023-12-13T06:17:55.925+0330 [DEBUG] [org.gradle.launcher.daemon.server.SynchronizedDispatchConnection] thread 440: dispatching Success[value=org.gradle.launcher.exec.BuildActionResult@2a79e804]
2023-12-13T06:17:55.925+0330 [DEBUG] [org.gradle.launcher.daemon.server.DefaultIncomingConnectionHandler] Finishing executing command: Build{id=a81c85be-e0fc-4b60-8f8b-4909c374222f, currentDir=C:\Users\BigBeastDGX\AndroidStudioProjects\JAI}
2023-12-13T06:17:55.926+0330 [DEBUG] [org.gradle.launcher.daemon.server.SynchronizedDispatchConnection] thread 441: received class org.gradle.launcher.daemon.protocol.Finished
2023-12-13T06:17:55.926+0330 [DEBUG] [org.gradle.launcher.daemon.server.DefaultDaemonConnection] thread 441: Received non-IO message from client: org.gradle.launcher.daemon.protocol.Finished@2aef886a
2023-12-13T06:17:55.926+0330 [DEBUG] [org.gradle.launcher.daemon.server.DefaultIncomingConnectionHandler] Received finished message: org.gradle.launcher.daemon.protocol.Finished@2aef886a
2023-12-13T06:17:55.926+0330 [DEBUG] [org.gradle.launcher.daemon.server.SynchronizedDispatchConnection] thread 440: stopping connection
2023-12-13T06:17:55.926+0330 [DEBUG] [org.gradle.internal.remote.internal.inet.SocketConnection] Discarding EOFException: java.io.EOFException
2023-12-13T06:17:55.926+0330 [DEBUG] [org.gradle.launcher.daemon.server.SynchronizedDispatchConnection] thread 441: received null
2023-12-13T06:17:55.926+0330 [DEBUG] [org.gradle.launcher.daemon.server.DefaultDaemonConnection] thread 441: Received end-of-input from client.
2023-12-13T06:17:55.926+0330 [DEBUG] [org.gradle.launcher.daemon.server.SynchronizedDispatchConnection] thread 440: stopping connection
2023-12-13T06:18:03.247+0330 [DEBUG] [org.gradle.cache.internal.DefaultFileLockManager] Waiting to acquire shared lock on daemon addresses registry.
2023-12-13T06:18:03.247+0330 [DEBUG] [org.gradle.cache.internal.DefaultFileLockManager] Lock acquired on daemon addresses registry.
2023-12-13T06:18:03.248+0330 [DEBUG] [org.gradle.cache.internal.DefaultFileLockManager] Releasing lock on daemon addresses registry.
2023-12-13T06:18:03.248+0330 [DEBUG] [org.gradle.cache.internal.DefaultFileLockManager] Waiting to acquire shared lock on daemon addresses registry.
2023-12-13T06:18:03.249+0330 [DEBUG] [org.gradle.cache.internal.DefaultFileLockManager] Lock acquired on daemon addresses registry.
2023-12-13T06:18:03.249+0330 [DEBUG] [org.gradle.cache.internal.DefaultFileLockManager] Releasing lock on daemon addresses registry.
2023-12-13T06:18:13.248+0330 [DEBUG] [org.gradle.cache.internal.DefaultFileLockManager] Waiting to acquire shared lock on daemon addresses registry.
2023-12-13T06:18:13.248+0330 [DEBUG] [org.gradle.cache.internal.DefaultFileLockManager] Lock acquired on daemon addresses registry.
2023-12-13T06:18:13.249+0330 [DEBUG] [org.gradle.cache.internal.DefaultFileLockManager] Releasing lock on daemon addresses registry.
2023-12-13T06:18:13.250+0330 [DEBUG] [org.gradle.cache.internal.DefaultFileLockManager] Waiting to acquire shared lock on daemon addresses registry.
2023-12-13T06:18:13.251+0330 [DEBUG] [org.gradle.cache.internal.DefaultFileLockManager] Lock acquired on daemon addresses registry.
2023-12-13T06:18:13.251+0330 [DEBUG] [org.gradle.cache.internal.DefaultFileLockManager] Releasing lock on daemon addresses registry.
2023-12-13T06:18:13.252+0330 [DEBUG] [org.gradle.cache.internal.DefaultFileLockManager] Waiting to acquire shared lock on daemon addresses registry.
2023-12-13T06:18:13.252+0330 [DEBUG] [org.gradle.cache.internal.DefaultFileLockManager] Lock acquired on daemon addresses registry.
2023-12-13T06:18:13.253+0330 [DEBUG] [org.gradle.cache.internal.DefaultFileLockManager] Releasing lock on daemon addresses registry.
2023-12-13T06:18:23.251+0330 [DEBUG] [org.gradle.cache.internal.DefaultFileLockManager] Waiting to acquire shared lock on daemon addresses registry.
2023-12-13T06:18:23.252+0330 [DEBUG] [org.gradle.cache.internal.DefaultFileLockManager] Lock acquired on daemon addresses registry.
2023-12-13T06:18:23.252+0330 [DEBUG] [org.gradle.cache.internal.DefaultFileLockManager] Releasing lock on daemon addresses registry.
2023-12-13T06:18:23.254+0330 [DEBUG] [org.gradle.cache.internal.DefaultFileLockManager] Waiting to acquire shared lock on daemon addresses registry.
2023-12-13T06:18:23.254+0330 [DEBUG] [org.gradle.cache.internal.DefaultFileLockManager] Lock acquired on daemon addresses registry.
2023-12-13T06:18:23.255+0330 [DEBUG] [org.gradle.cache.internal.DefaultFileLockManager] Releasing lock on daemon addresses registry.
2023-12-13T06:18:23.255+0330 [DEBUG] [org.gradle.cache.internal.DefaultFileLockManager] Waiting to acquire shared lock on daemon addresses registry.
2023-12-13T06:18:23.255+0330 [DEBUG] [org.gradle.cache.internal.DefaultFileLockManager] Lock acquired on daemon addresses registry.
2023-12-13T06:18:23.255+0330 [DEBUG] [org.gradle.cache.internal.DefaultFileLockManager] Releasing lock on daemon addresses registry.
2023-12-13T06:18:33.237+0330 [DEBUG] [org.gradle.cache.internal.DefaultFileLockManager] Waiting to acquire shared lock on daemon addresses registry.
2023-12-13T06:18:33.237+0330 [DEBUG] [org.gradle.cache.internal.DefaultFileLockManager] Lock acquired on daemon addresses registry.
2023-12-13T06:18:33.237+0330 [DEBUG] [org.gradle.cache.internal.DefaultFileLockManager] Releasing lock on daemon addresses registry.
2023-12-13T06:18:33.238+0330 [DEBUG] [org.gradle.cache.internal.DefaultFileLockManager] Waiting to acquire shared lock on daemon addresses registry.
2023-12-13T06:18:33.238+0330 [DEBUG] [org.gradle.cache.internal.DefaultFileLockManager] Lock acquired on daemon addresses registry.
2023-12-13T06:18:33.238+0330 [DEBUG] [org.gradle.cache.internal.DefaultFileLockManager] Releasing lock on daemon addresses registry.
2023-12-13T06:18:33.238+0330 [DEBUG] [org.gradle.cache.internal.DefaultFileLockManager] Waiting to acquire shared lock on daemon addresses registry.
2023-12-13T06:18:33.238+0330 [DEBUG] [org.gradle.cache.internal.DefaultFileLockManager] Lock acquired on daemon addresses registry.
2023-12-13T06:18:33.238+0330 [DEBUG] [org.gradle.cache.internal.DefaultFileLockManager] Releasing lock on daemon addresses registry.
2023-12-13T06:18:43.238+0330 [DEBUG] [org.gradle.cache.internal.DefaultFileLockManager] Waiting to acquire shared lock on daemon addresses registry.
2023-12-13T06:18:43.238+0330 [DEBUG] [org.gradle.cache.internal.DefaultFileLockManager] Lock acquired on daemon addresses registry.
2023-12-13T06:18:43.239+0330 [DEBUG] [org.gradle.cache.internal.DefaultFileLockManager] Releasing lock on daemon addresses registry.
2023-12-13T06:18:43.241+0330 [DEBUG] [org.gradle.cache.internal.DefaultFileLockManager] Waiting to acquire shared lock on daemon addresses registry.
2023-12-13T06:18:43.241+0330 [DEBUG] [org.gradle.cache.internal.DefaultFileLockManager] Lock acquired on daemon addresses registry.
2023-12-13T06:18:43.242+0330 [DEBUG] [org.gradle.cache.internal.DefaultFileLockManager] Releasing lock on daemon addresses registry.
2023-12-13T06:18:43.243+0330 [DEBUG] [org.gradle.cache.internal.DefaultFileLockManager] Waiting to acquire shared lock on daemon addresses registry.
2023-12-13T06:18:43.243+0330 [DEBUG] [org.gradle.cache.internal.DefaultFileLockManager] Lock acquired on daemon addresses registry.
2023-12-13T06:18:43.244+0330 [DEBUG] [org.gradle.cache.internal.DefaultFileLockManager] Releasing lock on daemon addresses registry.
2023-12-13T06:18:53.246+0330 [DEBUG] [org.gradle.cache.internal.DefaultFileLockManager] Waiting to acquire shared lock on daemon addresses registry.
2023-12-13T06:18:53.246+0330 [DEBUG] [org.gradle.cache.internal.DefaultFileLockManager] Lock acquired on daemon addresses registry.
2023-12-13T06:18:53.247+0330 [DEBUG] [org.gradle.cache.internal.DefaultFileLockManager] Releasing lock on daemon addresses registry.
2023-12-13T06:18:53.247+0330 [DEBUG] [org.gradle.cache.internal.DefaultFileLockManager] Waiting to acquire shared lock on daemon addresses registry.
2023-12-13T06:18:53.248+0330 [DEBUG] [org.gradle.cache.internal.DefaultFileLockManager] Lock acquired on daemon addresses registry.
2023-12-13T06:18:53.248+0330 [DEBUG] [org.gradle.cache.internal.DefaultFileLockManager] Releasing lock on daemon addresses registry.
2023-12-13T06:18:53.248+0330 [DEBUG] [org.gradle.cache.internal.DefaultFileLockManager] Waiting to acquire shared lock on daemon addresses registry.
2023-12-13T06:18:53.249+0330 [DEBUG] [org.gradle.cache.internal.DefaultFileLockManager] Lock acquired on daemon addresses registry.
2023-12-13T06:18:53.249+0330 [DEBUG] [org.gradle.cache.internal.DefaultFileLockManager] Releasing lock on daemon addresses registry.
2023-12-13T06:19:03.241+0330 [DEBUG] [org.gradle.cache.internal.DefaultFileLockManager] Waiting to acquire shared lock on daemon addresses registry.
2023-12-13T06:19:03.241+0330 [DEBUG] [org.gradle.cache.internal.DefaultFileLockManager] Lock acquired on daemon addresses registry.
2023-12-13T06:19:03.241+0330 [DEBUG] [org.gradle.cache.internal.DefaultFileLockManager] Releasing lock on daemon addresses registry.
2023-12-13T06:19:03.242+0330 [DEBUG] [org.gradle.cache.internal.DefaultFileLockManager] Waiting to acquire shared lock on daemon addresses registry.
2023-12-13T06:19:03.242+0330 [DEBUG] [org.gradle.cache.internal.DefaultFileLockManager] Lock acquired on daemon addresses registry.
2023-12-13T06:19:03.242+0330 [DEBUG] [org.gradle.cache.internal.DefaultFileLockManager] Releasing lock on daemon addresses registry.
2023-12-13T06:19:03.242+0330 [DEBUG] [org.gradle.cache.internal.DefaultFileLockManager] Waiting to acquire shared lock on daemon addresses registry.
2023-12-13T06:19:03.242+0330 [DEBUG] [org.gradle.cache.internal.DefaultFileLockManager] Lock acquired on daemon addresses registry.
2023-12-13T06:19:03.242+0330 [DEBUG] [org.gradle.cache.internal.DefaultFileLockManager] Releasing lock on daemon addresses registry.
2023-12-13T06:19:13.246+0330 [DEBUG] [org.gradle.cache.internal.DefaultFileLockManager] Waiting to acquire shared lock on daemon addresses registry.
2023-12-13T06:19:13.246+0330 [DEBUG] [org.gradle.cache.internal.DefaultFileLockManager] Lock acquired on daemon addresses registry.
2023-12-13T06:19:13.246+0330 [DEBUG] [org.gradle.cache.internal.DefaultFileLockManager] Releasing lock on daemon addresses registry.
2023-12-13T06:19:13.246+0330 [DEBUG] [org.gradle.cache.internal.DefaultFileLockManager] Waiting to acquire shared lock on daemon addresses registry.
2023-12-13T06:19:13.246+0330 [DEBUG] [org.gradle.cache.internal.DefaultFileLockManager] Lock acquired on daemon addresses registry.
2023-12-13T06:19:13.246+0330 [DEBUG] [org.gradle.cache.internal.DefaultFileLockManager] Releasing lock on daemon addresses registry.
2023-12-13T06:19:13.247+0330 [DEBUG] [org.gradle.cache.internal.DefaultFileLockManager] Waiting to acquire shared lock on daemon addresses registry.
2023-12-13T06:19:13.247+0330 [DEBUG] [org.gradle.cache.internal.DefaultFileLockManager] Lock acquired on daemon addresses registry.
2023-12-13T06:19:13.247+0330 [DEBUG] [org.gradle.cache.internal.DefaultFileLockManager] Releasing lock on daemon addresses registry.
2023-12-13T06:19:23.237+0330 [DEBUG] [org.gradle.cache.internal.DefaultFileLockManager] Waiting to acquire shared lock on daemon addresses registry.
2023-12-13T06:19:23.238+0330 [DEBUG] [org.gradle.cache.internal.DefaultFileLockManager] Lock acquired on daemon addresses registry.
2023-12-13T06:19:23.239+0330 [DEBUG] [org.gradle.cache.internal.DefaultFileLockManager] Releasing lock on daemon addresses registry.
2023-12-13T06:19:23.242+0330 [DEBUG] [org.gradle.cache.internal.DefaultFileLockManager] Waiting to acquire shared lock on daemon addresses registry.
2023-12-13T06:19:23.242+0330 [DEBUG] [org.gradle.cache.internal.DefaultFileLockManager] Lock acquired on daemon addresses registry.
2023-12-13T06:19:23.243+0330 [DEBUG] [org.gradle.cache.internal.DefaultFileLockManager] Releasing lock on daemon addresses registry.
2023-12-13T06:19:23.244+0330 [DEBUG] [org.gradle.cache.internal.DefaultFileLockManager] Waiting to acquire shared lock on daemon addresses registry.
2023-12-13T06:19:23.244+0330 [DEBUG] [org.gradle.cache.internal.DefaultFileLockManager] Lock acquired on daemon addresses registry.
2023-12-13T06:19:23.244+0330 [DEBUG] [org.gradle.cache.internal.DefaultFileLockManager] Releasing lock on daemon addresses registry.
2023-12-13T06:19:33.246+0330 [DEBUG] [org.gradle.cache.internal.DefaultFileLockManager] Waiting to acquire shared lock on daemon addresses registry.
2023-12-13T06:19:33.246+0330 [DEBUG] [org.gradle.cache.internal.DefaultFileLockManager] Lock acquired on daemon addresses registry.
2023-12-13T06:19:33.246+0330 [DEBUG] [org.gradle.cache.internal.DefaultFileLockManager] Releasing lock on daemon addresses registry.
2023-12-13T06:19:33.246+0330 [DEBUG] [org.gradle.cache.internal.DefaultFileLockManager] Waiting to acquire shared lock on daemon addresses registry.
2023-12-13T06:19:33.246+0330 [DEBUG] [org.gradle.cache.internal.DefaultFileLockManager] Lock acquired on daemon addresses registry.
2023-12-13T06:19:33.246+0330 [DEBUG] [org.gradle.cache.internal.DefaultFileLockManager] Releasing lock on daemon addresses registry.
2023-12-13T06:19:33.247+0330 [DEBUG] [org.gradle.cache.internal.DefaultFileLockManager] Waiting to acquire shared lock on daemon addresses registry.
2023-12-13T06:19:33.247+0330 [DEBUG] [org.gradle.cache.internal.DefaultFileLockManager] Lock acquired on daemon addresses registry.
2023-12-13T06:19:33.247+0330 [DEBUG] [org.gradle.cache.internal.DefaultFileLockManager] Releasing lock on daemon addresses registry.
2023-12-13T06:19:43.240+0330 [DEBUG] [org.gradle.cache.internal.DefaultFileLockManager] Waiting to acquire shared lock on daemon addresses registry.
2023-12-13T06:19:43.241+0330 [DEBUG] [org.gradle.cache.internal.DefaultFileLockManager] Lock acquired on daemon addresses registry.
2023-12-13T06:19:43.241+0330 [DEBUG] [org.gradle.cache.internal.DefaultFileLockManager] Releasing lock on daemon addresses registry.
2023-12-13T06:19:43.241+0330 [DEBUG] [org.gradle.cache.internal.DefaultFileLockManager] Waiting to acquire shared lock on daemon addresses registry.
2023-12-13T06:19:43.242+0330 [DEBUG] [org.gradle.cache.internal.DefaultFileLockManager] Lock acquired on daemon addresses registry.
2023-12-13T06:19:43.242+0330 [DEBUG] [org.gradle.cache.internal.DefaultFileLockManager] Releasing lock on daemon addresses registry.
2023-12-13T06:19:43.242+0330 [DEBUG] [org.gradle.cache.internal.DefaultFileLockManager] Waiting to acquire shared lock on daemon addresses registry.
2023-12-13T06:19:43.242+0330 [DEBUG] [org.gradle.cache.internal.DefaultFileLockManager] Lock acquired on daemon addresses registry.
2023-12-13T06:19:43.243+0330 [DEBUG] [org.gradle.cache.internal.DefaultFileLockManager] Releasing lock on daemon addresses registry.
